Client1:
panda025@csel-x29-08:~/Desktop/dfs$ ./runBulkClient.sh
Starting Client...
Enter the bulk operation count: 100000
Enter the node server ip: 128.101.37.68
Enter the node server port: 9098
Enter the type of operation [0=BULKREAD, 1=BULKWRITE, 2=BULKMIX, 3=DFS_STRUCTURE, 4=QUIT]: 1
SLF4J: Failed to load class "org.slf4j.impl.StaticLoggerBinder".
SLF4J: Defaulting to no-operation (NOP) logger implementation
SLF4J: See http://www.slf4j.org/codes.html#StaticLoggerBinder for further details.
The time taken to execute the process is : 557620ms
Enter the type of operation [0=BULKREAD, 1=BULKWRITE, 2=BULKMIX, 3=DFS_STRUCTURE, 4=QUIT]: 0
The time taken to execute the process is : 121812ms
Enter the type of operation [0=BULKREAD, 1=BULKWRITE, 2=BULKMIX, 3=DFS_STRUCTURE, 4=QUIT]: 0
The time taken to execute the process is : 107607ms
Enter the type of operation [0=BULKREAD, 1=BULKWRITE, 2=BULKMIX, 3=DFS_STRUCTURE, 4=QUIT]: 2
Enter the read bulk operation percent: 30
The time taken to execute the process is : 501516ms
Enter the type of operation [0=BULKREAD, 1=BULKWRITE, 2=BULKMIX, 3=DFS_STRUCTURE, 4=QUIT]: 2
Enter the read bulk operation percent: 30
The time taken to execute the process is : 475284ms
Enter the type of operation [0=BULKREAD, 1=BULKWRITE, 2=BULKMIX, 3=DFS_STRUCTURE, 4=QUIT]: 2
Enter the read bulk operation percent: 50
The time taken to execute the process is : 373376ms
Enter the type of operation [0=BULKREAD, 1=BULKWRITE, 2=BULKMIX, 3=DFS_STRUCTURE, 4=QUIT]: 2
Enter the read bulk operation percent: 50
The time taken to execute the process is : 308305ms
Enter the type of operation [0=BULKREAD, 1=BULKWRITE, 2=BULKMIX, 3=DFS_STRUCTURE, 4=QUIT]: 2
Enter the read bulk operation percent: 70
The time taken to execute the process is : 238791ms
Enter the type of operation [0=BULKREAD, 1=BULKWRITE, 2=BULKMIX, 3=DFS_STRUCTURE, 4=QUIT]: 2
Enter the read bulk operation percent: 70
The time taken to execute the process is : 248999ms
Enter the type of operation [0=BULKREAD, 1=BULKWRITE, 2=BULKMIX, 3=DFS_STRUCTURE, 4=QUIT]: 

Client2:
panda025@csel-x29-09:~/Desktop/dfs$ ./runBulkClient.sh
Starting Client...
Enter the bulk operation count: 100000
Enter the node server ip: 128.101.37.69
Enter the node server port: 9098
Enter the type of operation [0=BULKREAD, 1=BULKWRITE, 2=BULKMIX, 3=DFS_STRUCTURE, 4=QUIT]: 1
SLF4J: Failed to load class "org.slf4j.impl.StaticLoggerBinder".
SLF4J: Defaulting to no-operation (NOP) logger implementation
SLF4J: See http://www.slf4j.org/codes.html#StaticLoggerBinder for further details.
The time taken to execute the process is : 556900ms
Enter the type of operation [0=BULKREAD, 1=BULKWRITE, 2=BULKMIX, 3=DFS_STRUCTURE, 4=QUIT]: 0
The time taken to execute the process is : 121734ms
Enter the type of operation [0=BULKREAD, 1=BULKWRITE, 2=BULKMIX, 3=DFS_STRUCTURE, 4=QUIT]: 0
The time taken to execute the process is : 108786ms
Enter the type of operation [0=BULKREAD, 1=BULKWRITE, 2=BULKMIX, 3=DFS_STRUCTURE, 4=QUIT]: 2
Enter the read bulk operation percent: 30
The time taken to execute the process is : 505719ms
Enter the type of operation [0=BULKREAD, 1=BULKWRITE, 2=BULKMIX, 3=DFS_STRUCTURE, 4=QUIT]: 2
Enter the read bulk operation percent: 30
The time taken to execute the process is : 471223ms
Enter the type of operation [0=BULKREAD, 1=BULKWRITE, 2=BULKMIX, 3=DFS_STRUCTURE, 4=QUIT]: 2
Enter the read bulk operation percent: 50
The time taken to execute the process is : 377931ms
Enter the type of operation [0=BULKREAD, 1=BULKWRITE, 2=BULKMIX, 3=DFS_STRUCTURE, 4=QUIT]: 2
Enter the read bulk operation percent: 50
The time taken to execute the process is : 304827ms
Enter the type of operation [0=BULKREAD, 1=BULKWRITE, 2=BULKMIX, 3=DFS_STRUCTURE, 4=QUIT]: 2
Enter the read bulk operation percent: 70
The time taken to execute the process is : 242506ms
Enter the type of operation [0=BULKREAD, 1=BULKWRITE, 2=BULKMIX, 3=DFS_STRUCTURE, 4=QUIT]: 2
Enter the read bulk operation percent: 70
The time taken to execute the process is : 245909ms
Enter the type of operation [0=BULKREAD, 1=BULKWRITE, 2=BULKMIX, 3=DFS_STRUCTURE, 4=QUIT]: 

