shukl031@csel-x29-11:~/csci5105-PA2$ ./runBulkClient.sh
Starting Client...
Enter the bulk operation count: 10000
Enter the node server ip: 128.101.37.61
Enter the node server port: 10091
Enter the type of operation [0=BULKREAD, 1=BULKWRITE, 2=BULKMIX, 3=DFS_STRUCTURE, 4=QUIT]: 1
SLF4J: Failed to load class "org.slf4j.impl.StaticLoggerBinder".
SLF4J: Defaulting to no-operation (NOP) logger implementation
SLF4J: See http://www.slf4j.org/codes.html#StaticLoggerBinder for further details.
The time taken to execute the process is : 52657ms
Enter the type of operation [0=BULKREAD, 1=BULKWRITE, 2=BULKMIX, 3=DFS_STRUCTURE, 4=QUIT]: 1
The time taken to execute the process is : 33886ms
Enter the type of operation [0=BULKREAD, 1=BULKWRITE, 2=BULKMIX, 3=DFS_STRUCTURE, 4=QUIT]: 1
The time taken to execute the process is : 31741ms
Enter the type of operation [0=BULKREAD, 1=BULKWRITE, 2=BULKMIX, 3=DFS_STRUCTURE, 4=QUIT]: 1
The time taken to execute the process is : 38831ms
Enter the type of operation [0=BULKREAD, 1=BULKWRITE, 2=BULKMIX, 3=DFS_STRUCTURE, 4=QUIT]: 0
The time taken to execute the process is : 3501ms
Enter the type of operation [0=BULKREAD, 1=BULKWRITE, 2=BULKMIX, 3=DFS_STRUCTURE, 4=QUIT]: 0
The time taken to execute the process is : 2730ms
Enter the type of operation [0=BULKREAD, 1=BULKWRITE, 2=BULKMIX, 3=DFS_STRUCTURE, 4=QUIT]: 0
The time taken to execute the process is : 2610ms
Enter the type of operation [0=BULKREAD, 1=BULKWRITE, 2=BULKMIX, 3=DFS_STRUCTURE, 4=QUIT]: 0
The time taken to execute the process is : 2468ms
Enter the type of operation [0=BULKREAD, 1=BULKWRITE, 2=BULKMIX, 3=DFS_STRUCTURE, 4=QUIT]: 0
The time taken to execute the process is : 2551ms
Enter the type of operation [0=BULKREAD, 1=BULKWRITE, 2=BULKMIX, 3=DFS_STRUCTURE, 4=QUIT]: 0
The time taken to execute the process is : 2498ms
Enter the type of operation [0=BULKREAD, 1=BULKWRITE, 2=BULKMIX, 3=DFS_STRUCTURE, 4=QUIT]: 0
The time taken to execute the process is : 2578ms
Enter the type of operation [0=BULKREAD, 1=BULKWRITE, 2=BULKMIX, 3=DFS_STRUCTURE, 4=QUIT]: 2
Enter the read bulk operation percent: 50
The time taken to execute the process is : 20838ms
Enter the type of operation [0=BULKREAD, 1=BULKWRITE, 2=BULKMIX, 3=DFS_STRUCTURE, 4=QUIT]: 2
Enter the read bulk operation percent: 50
The time taken to execute the process is : 21389ms
Enter the type of operation [0=BULKREAD, 1=BULKWRITE, 2=BULKMIX, 3=DFS_STRUCTURE, 4=QUIT]: 2
Enter the read bulk operation percent: 50
The time taken to execute the process is : 31517ms
Enter the type of operation [0=BULKREAD, 1=BULKWRITE, 2=BULKMIX, 3=DFS_STRUCTURE, 4=QUIT]: 2
Enter the read bulk operation percent: 50
The time taken to execute the process is : 25131ms
Enter the type of operation [0=BULKREAD, 1=BULKWRITE, 2=BULKMIX, 3=DFS_STRUCTURE, 4=QUIT]: 2
Enter the read bulk operation percent: 30
The time taken to execute the process is : 35809ms
Enter the type of operation [0=BULKREAD, 1=BULKWRITE, 2=BULKMIX, 3=DFS_STRUCTURE, 4=QUIT]: 2
Enter the read bulk operation percent: 30
The time taken to execute the process is : 31483ms
Enter the type of operation [0=BULKREAD, 1=BULKWRITE, 2=BULKMIX, 3=DFS_STRUCTURE, 4=QUIT]: 2
Enter the read bulk operation percent: 30
The time taken to execute the process is : 33454ms
Enter the type of operation [0=BULKREAD, 1=BULKWRITE, 2=BULKMIX, 3=DFS_STRUCTURE, 4=QUIT]: 2
Enter the read bulk operation percent: 30
The time taken to execute the process is : 31703ms
Enter the type of operation [0=BULKREAD, 1=BULKWRITE, 2=BULKMIX, 3=DFS_STRUCTURE, 4=QUIT]: 2
Enter the read bulk operation percent: 50
The time taken to execute the process is : 30061ms
Enter the type of operation [0=BULKREAD, 1=BULKWRITE, 2=BULKMIX, 3=DFS_STRUCTURE, 4=QUIT]: 2
Enter the read bulk operation percent: 30
The time taken to execute the process is : 28254ms
Enter the type of operation [0=BULKREAD, 1=BULKWRITE, 2=BULKMIX, 3=DFS_STRUCTURE, 4=QUIT]: 2
Enter the read bulk operation percent: 70
The time taken to execute the process is : 17296ms
Enter the type of operation [0=BULKREAD, 1=BULKWRITE, 2=BULKMIX, 3=DFS_STRUCTURE, 4=QUIT]: 2
Enter the read bulk operation percent: 70
The time taken to execute the process is : 13950ms
Enter the type of operation [0=BULKREAD, 1=BULKWRITE, 2=BULKMIX, 3=DFS_STRUCTURE, 4=QUIT]: 2
Enter the read bulk operation percent: 70
The time taken to execute the process is : 13285ms
Enter the type of operation [0=BULKREAD, 1=BULKWRITE, 2=BULKMIX, 3=DFS_STRUCTURE, 4=QUIT]: 2
Enter the read bulk operation percent: 95
The time taken to execute the process is : 7122ms
Enter the type of operation [0=BULKREAD, 1=BULKWRITE, 2=BULKMIX, 3=DFS_STRUCTURE, 4=QUIT]: 2
Enter the read bulk operation percent: 95
The time taken to execute the process is : 6169ms
Enter the type of operation [0=BULKREAD, 1=BULKWRITE, 2=BULKMIX, 3=DFS_STRUCTURE, 4=QUIT]: