^Cshukl031@csel-x29-11:~/csci5105-PA2$ runBulkClient.sh
Starting Client...
Enter the bulk operation count: 10000
Enter the node server ip: 128.101.37.61
Enter the node server port: 10091
Enter the type of operation [0=BULKREAD, 1=BULKWRITE, 2=BULKMIX, 3=DFS_STRUCTURE, 4=QUIT]: 1
SLF4J: Failed to load class "org.slf4j.impl.StaticLoggerBinder".
SLF4J: Defaulting to no-operation (NOP) logger implementation
SLF4J: See http://www.slf4j.org/codes.html#StaticLoggerBinder for further details.
The time taken to execute the process is : 59480ms
Enter the type of operation [0=BULKREAD, 1=BULKWRITE, 2=BULKMIX, 3=DFS_STRUCTURE, 4=QUIT]: 1
The time taken to execute the process is : 33891ms
Enter the type of operation [0=BULKREAD, 1=BULKWRITE, 2=BULKMIX, 3=DFS_STRUCTURE, 4=QUIT]: 1
1
The time taken to execute the process is : 28373ms
Enter the type of operation [0=BULKREAD, 1=BULKWRITE, 2=BULKMIX, 3=DFS_STRUCTURE, 4=QUIT]: 1
The time taken to execute the process is : 28285ms
Enter the type of operation [0=BULKREAD, 1=BULKWRITE, 2=BULKMIX, 3=DFS_STRUCTURE, 4=QUIT]: 0
The time taken to execute the process is : 28528ms
Enter the type of operation [0=BULKREAD, 1=BULKWRITE, 2=BULKMIX, 3=DFS_STRUCTURE, 4=QUIT]: The time taken to execute the process is : 4356ms
Enter the type of operation [0=BULKREAD, 1=BULKWRITE, 2=BULKMIX, 3=DFS_STRUCTURE, 4=QUIT]: 0
The time taken to execute the process is : 3378ms
Enter the type of operation [0=BULKREAD, 1=BULKWRITE, 2=BULKMIX, 3=DFS_STRUCTURE, 4=QUIT]: 0
The time taken to execute the process is : 3370ms
Enter the type of operation [0=BULKREAD, 1=BULKWRITE, 2=BULKMIX, 3=DFS_STRUCTURE, 4=QUIT]: 0
The time taken to execute the process is : 3199ms
Enter the type of operation [0=BULKREAD, 1=BULKWRITE, 2=BULKMIX, 3=DFS_STRUCTURE, 4=QUIT]: 0
The time taken to execute the process is : 3270ms
Enter the type of operation [0=BULKREAD, 1=BULKWRITE, 2=BULKMIX, 3=DFS_STRUCTURE, 4=QUIT]: 2
Enter the read bulk operation percent: 50
The time taken to execute the process is : 19732ms
Enter the type of operation [0=BULKREAD, 1=BULKWRITE, 2=BULKMIX, 3=DFS_STRUCTURE, 4=QUIT]: 2
Enter the read bulk operation percent: 50
The time taken to execute the process is : 18534ms
Enter the type of operation [0=BULKREAD, 1=BULKWRITE, 2=BULKMIX, 3=DFS_STRUCTURE, 4=QUIT]: 2
Enter the read bulk operation percent: 50
The time taken to execute the process is : 26910ms
Enter the type of operation [0=BULKREAD, 1=BULKWRITE, 2=BULKMIX, 3=DFS_STRUCTURE, 4=QUIT]: 2
Enter the read bulk operation percent: 30
The time taken to execute the process is : 30565ms
Enter the type of operation [0=BULKREAD, 1=BULKWRITE, 2=BULKMIX, 3=DFS_STRUCTURE, 4=QUIT]: 2
Enter the read bulk operation percent: 30
The time taken to execute the process is : 24347ms
Enter the type of operation [0=BULKREAD, 1=BULKWRITE, 2=BULKMIX, 3=DFS_STRUCTURE, 4=QUIT]: 2
Enter the read bulk operation percent: 30
The time taken to execute the process is : 31613ms
Enter the type of operation [0=BULKREAD, 1=BULKWRITE, 2=BULKMIX, 3=DFS_STRUCTURE, 4=QUIT]: 2
Enter the read bulk operation percent: 70
The time taken to execute the process is : 18430ms
Enter the type of operation [0=BULKREAD, 1=BULKWRITE, 2=BULKMIX, 3=DFS_STRUCTURE, 4=QUIT]: 2
Enter the read bulk operation percent: 70
The time taken to execute the process is : 16456ms
Enter the type of operation [0=BULKREAD, 1=BULKWRITE, 2=BULKMIX, 3=DFS_STRUCTURE, 4=QUIT]: 2
Enter the read bulk operation percent: 95
The time taken to execute the process is : 8248ms
Enter the type of operation [0=BULKREAD, 1=BULKWRITE, 2=BULKMIX, 3=DFS_STRUCTURE, 4=QUIT]: 2
Enter the read bulk operation percent: 95
The time taken to execute the process is : 6239ms
Enter the type of operation [0=BULKREAD, 1=BULKWRITE, 2=BULKMIX, 3=DFS_STRUCTURE, 4=QUIT]: 2
Enter the read bulk operation percent: 95
The time taken to execute the process is : 6037ms
Enter the type of operation [0=BULKREAD, 1=BULKWRITE, 2=BULKMIX, 3=DFS_STRUCTURE, 4=QUIT]: 4
The time taken to execute the process is : 1459471745243ms
shukl031@csel-x29-11:~/csci5105-PA2$